2022-10-27 22:10:12,063:INFO:ExperimentFactory:/Users/quinn/Desktop/android-runner/experiments/batterystats/config/native/flickr.json
2022-10-27 22:10:12,115:DEBUG:AndroidRunner.Adb:Device list:
{0: 'ce0517150d4a122003'}
2022-10-27 22:10:12,115:INFO:Device:Setting logcat buffer size to 57344K
2022-10-27 22:10:12,197:DEBUG:AndroidRunner.Adb:ce0517150d4a122003: "logcat -G 57344K" returned: 

2022-10-27 22:10:12,217:DEBUG:PluginHandler:batterystats: Initialized
2022-10-27 22:10:12,218:DEBUG:Python3:Imported /Users/quinn/Desktop/android-runner/experiments/batterystats/config/native/../../Scripts/before_experiment.py
2022-10-27 22:10:12,219:DEBUG:Python3:Imported /Users/quinn/Desktop/android-runner/experiments/batterystats/config/native/../../Scripts/before_run.py
2022-10-27 22:10:12,219:DEBUG:Python3:Imported /Users/quinn/Desktop/android-runner/experiments/batterystats/config/native/../../Scripts/after_launch.py
2022-10-27 22:10:12,220:DEBUG:Python3:Imported /Users/quinn/Desktop/android-runner/experiments/batterystats/config/native/../../Scripts/before_close.py
2022-10-27 22:10:12,221:DEBUG:Python3:Imported /Users/quinn/Desktop/android-runner/experiments/batterystats/config/native/../../Scripts/after_run.py
2022-10-27 22:10:12,221:DEBUG:Python3:Imported /Users/quinn/Desktop/android-runner/experiments/batterystats/config/native/../../Scripts/after_experiment.py
2022-10-27 22:10:12,221:DEBUG:MonkeyReplay:Replay path: /Users/quinn/Desktop/android-runner/experiments/batterystats/config/native/../../MonkeyScripts/flickr_app_play.monkeyrunner
2022-10-27 22:10:12,378:DEBUG:AndroidRunner.Adb:ce0517150d4a122003: "getprop ro.build.version.release" returned: 
9

2022-10-27 22:10:12,495:DEBUG:AndroidRunner.Adb:ce0517150d4a122003: "getprop ro.build.version.sdk" returned: 
28

2022-10-27 22:10:12,496:INFO:NativeExperiment:Device: samsung (ce0517150d4a122003, Android 9, API level 28)
2022-10-27 22:10:12,496:INFO:Profilers:Loading
2022-10-27 22:10:12,607:DEBUG:AndroidRunner.Adb:ce0517150d4a122003: "getprop ro.build.version.release" returned: 
9

2022-10-27 22:10:12,692:DEBUG:AndroidRunner.Adb:ce0517150d4a122003: "getprop ro.build.version.sdk" returned: 
28

2022-10-27 22:10:12,693:DEBUG:PluginHandler:Batterystats: samsung (ce0517150d4a122003, Android 9, API level 28): Loading configuration
2022-10-27 22:10:12,693:INFO:Device:Default unplug
2022-10-27 22:10:12,782:DEBUG:AndroidRunner.Adb:ce0517150d4a122003: "getprop ro.build.version.sdk" returned: 
28

2022-10-27 22:10:12,933:DEBUG:AndroidRunner.Adb:ce0517150d4a122003: "dumpsys battery unplug" returned: 

2022-10-27 22:10:13,068:DEBUG:AndroidRunner.Adb:ce0517150d4a122003: "getprop ro.build.version.release" returned: 
9

2022-10-27 22:10:13,191:DEBUG:AndroidRunner.Adb:ce0517150d4a122003: "getprop ro.build.version.sdk" returned: 
28

2022-10-27 22:10:13,192:DEBUG:Scripts:Running hook before_experiment on device samsung (ce0517150d4a122003, Android 9, API level 28)
args: ()
kwargs: {}
2022-10-27 22:10:13,203:INFO:Python3:before_experiment.py
2022-10-27 22:10:13,205:DEBUG:Python3:before_experiment.py returned None
2022-10-27 22:10:13,208:INFO:Profilers:Setting output
2022-10-27 22:10:13,209:DEBUG:PluginHandler:Batterystats: Setting output: /Users/quinn/Desktop/android-runner/experiments/batterystats/config/native/output/2022.10.27_221012/data/samsung/com-flickr-android/batterystats
2022-10-27 22:10:13,209:INFO:NativeExperiment:Run 1/1 of subject "com.flickr.android" on samsung
2022-10-27 22:10:13,968:DEBUG:AndroidRunner.Adb:ce0517150d4a122003: "logcat -c" returned: 

2022-10-27 22:10:13,968:INFO:NativeExperiment:Logcat cleared
2022-10-27 22:10:14,106:DEBUG:AndroidRunner.Adb:ce0517150d4a122003: "getprop ro.build.version.release" returned: 
9

2022-10-27 22:10:14,215:DEBUG:AndroidRunner.Adb:ce0517150d4a122003: "getprop ro.build.version.sdk" returned: 
28

2022-10-27 22:10:14,216:DEBUG:Scripts:Running hook before_run on device samsung (ce0517150d4a122003, Android 9, API level 28)
args: ()
kwargs: {}
2022-10-27 22:10:14,224:INFO:Python3:before_run.py
2022-10-27 22:10:14,225:DEBUG:Python3:before_run.py returned None
2022-10-27 22:10:15,217:DEBUG:AndroidRunner.Adb:ce0517150d4a122003: "monkey -p com.flickr.android 1" returned: 
  bash arg: -p
  bash arg: com.flickr.android
  bash arg: 1
args: [-p, com.flickr.android, 1]
 arg: "-p"
 arg: "com.flickr.android"
 arg: "1"
data="com.flickr.android"
Events injected: 1
## Network stats: elapsed time=113ms (0ms mobile, 0ms wifi, 113ms not connected)

2022-10-27 22:10:16,313:DEBUG:AndroidRunner.Adb:ce0517150d4a122003: "dumpsys activity recents | grep "Recent #0" | cut -d "=" -f2 | grep -o -p "[a-z|.]*"" returned: 
com.flickr.android


2022-10-27 22:10:16,314:DEBUG:Device:Current activity: com.flickr.android
2022-10-27 22:10:16,358:DEBUG:AndroidRunner.Adb:ce0517150d4a122003: "getprop ro.build.version.release" returned: 
9

2022-10-27 22:10:16,409:DEBUG:AndroidRunner.Adb:ce0517150d4a122003: "getprop ro.build.version.sdk" returned: 
28

2022-10-27 22:10:16,409:DEBUG:Scripts:Running hook after_launch on device samsung (ce0517150d4a122003, Android 9, API level 28)
args: ('ce0517150d4a122003', 'com.flickr.android')
kwargs: {}
2022-10-27 22:10:16,413:INFO:Python3:after_launch.py
2022-10-27 22:10:16,414:DEBUG:Python3:after_launch.py returned None
2022-10-27 22:10:16,417:INFO:Profilers:Start profiling
2022-10-27 22:10:16,467:DEBUG:AndroidRunner.Adb:ce0517150d4a122003: "getprop ro.build.version.release" returned: 
9

2022-10-27 22:10:16,513:DEBUG:AndroidRunner.Adb:ce0517150d4a122003: "getprop ro.build.version.sdk" returned: 
28

2022-10-27 22:10:16,514:DEBUG:PluginHandler:Batterystats: samsung (ce0517150d4a122003, Android 9, API level 28): Start profiling
2022-10-27 22:10:16,592:DEBUG:AndroidRunner.Adb:ce0517150d4a122003: "dumpsys batterystats --reset" returned: 
Battery stats reset.

2022-10-27 22:10:20,322:DEBUG:AndroidRunner.Adb:ce0517150d4a122003: "getprop ro.build.version.release" returned: 
9

2022-10-27 22:10:20,436:DEBUG:AndroidRunner.Adb:ce0517150d4a122003: "getprop ro.build.version.sdk" returned: 
28

2022-10-27 22:10:20,437:DEBUG:Scripts:Running hook interaction on device samsung (ce0517150d4a122003, Android 9, API level 28)
args: (<AndroidRunner.NativeExperiment.NativeExperiment object at 0x7f89019b31d0>,)
kwargs: {}
2022-10-27 22:10:20,443:INFO:MonkeyReplay:flickr_app_play.monkeyrunner
2022-10-27 22:10:24,581:DEBUG:MonkeyReplay:monkeyrunner stdout: opened file
could not replay action TOUCH|{'x':297,'y':166,'type':'downAndUp',}

could not replay action TOUCH|{'x':330,'y':292,'type':'downAndUp',}

could not replay action TYPE|{'message':'rick roll',}

could not replay action TOUCH|{'x':1002,'y':1957,'type':'downAndUp',}

could not replay action WAIT|{'seconds':10.0,}

could not replay action TOUCH|{'x':1650,'y':391,'type':'downAndUp',}

could not replay action TOUCH|{'x':1626,'y':837,'type':'downAndUp',}

0/7 actions completed
done

2022-10-27 22:10:24,582:DEBUG:MonkeyReplay:monkeyrunner stderr: 
2022-10-27 22:10:24,583:DEBUG:MonkeyReplay:flickr_app_play.monkeyrunner returned 0
2022-10-27 22:12:04,583:INFO:Profilers:Stop profiling
2022-10-27 22:12:04,650:DEBUG:AndroidRunner.Adb:ce0517150d4a122003: "getprop ro.build.version.release" returned: 
9

2022-10-27 22:12:04,707:DEBUG:AndroidRunner.Adb:ce0517150d4a122003: "getprop ro.build.version.sdk" returned: 
28

2022-10-27 22:12:04,707:DEBUG:PluginHandler:Batterystats: samsung (ce0517150d4a122003, Android 9, API level 28): Stop profiling
2022-10-27 22:12:09,574:DEBUG:AndroidRunner.Adb:ce0517150d4a122003: "dumpsys activity recents | grep "Recent #0" | cut -d "=" -f2 | grep -o -p "[a-z|.]*"" returned: 
com.flickr.android


2022-10-27 22:12:09,575:DEBUG:Device:Current activity: com.flickr.android
2022-10-27 22:12:09,646:DEBUG:AndroidRunner.Adb:ce0517150d4a122003: "getprop ro.build.version.release" returned: 
9

2022-10-27 22:12:09,718:DEBUG:AndroidRunner.Adb:ce0517150d4a122003: "getprop ro.build.version.sdk" returned: 
28

2022-10-27 22:12:09,719:DEBUG:Scripts:Running hook before_close on device samsung (ce0517150d4a122003, Android 9, API level 28)
args: ('ce0517150d4a122003', 'com.flickr.android')
kwargs: {}
2022-10-27 22:12:09,724:INFO:Python3:before_close.py
2022-10-27 22:12:09,725:DEBUG:Python3:before_close.py returned None
2022-10-27 22:12:09,998:DEBUG:AndroidRunner.Adb:ce0517150d4a122003: "am force-stop com.flickr.android" returned: 

2022-10-27 22:12:13,061:DEBUG:AndroidRunner.Adb:ce0517150d4a122003: "getprop ro.build.version.release" returned: 
9

2022-10-27 22:12:13,107:DEBUG:AndroidRunner.Adb:ce0517150d4a122003: "getprop ro.build.version.sdk" returned: 
28

2022-10-27 22:12:13,108:DEBUG:Scripts:Running hook after_run on device samsung (ce0517150d4a122003, Android 9, API level 28)
args: ()
kwargs: {}
2022-10-27 22:12:13,113:INFO:Python3:after_run.py
2022-10-27 22:12:13,827:DEBUG:AndroidRunner.Adb:ce0517150d4a122003: "input tap 600 1000" returned: 

2022-10-27 22:12:13,829:DEBUG:Python3:after_run.py returned None
2022-10-27 22:12:13,833:INFO:Profilers:Collecting results
2022-10-27 22:12:13,876:DEBUG:AndroidRunner.Adb:ce0517150d4a122003: "getprop ro.build.version.release" returned: 
9

2022-10-27 22:12:13,918:DEBUG:AndroidRunner.Adb:ce0517150d4a122003: "getprop ro.build.version.sdk" returned: 
28

2022-10-27 22:12:13,919:DEBUG:PluginHandler:Batterystats: samsung (ce0517150d4a122003, Android 9, API level 28): Collecting data
2022-10-27 22:12:13,960:DEBUG:AndroidRunner.Adb:ce0517150d4a122003: "getprop ro.build.version.sdk" returned: 
28

2022-10-27 22:12:14,740:DEBUG:AndroidRunner.Adb:ce0517150d4a122003: "logcat -f /mnt/sdcard/logcat.txt -d" returned: 

2022-10-27 22:12:15,178:DEBUG:AndroidRunner.Adb:ce0517150d4a122003: "rm -f /mnt/sdcard/logcat.txt" returned: 

2022-10-27 22:12:15,407:DEBUG:AndroidRunner.Adb:ce0517150d4a122003: "dumpsys batterystats --history" returned: 
Battery History (0% used, 612 used of 512KB, 28 strings using 2990):
                    0 (14) RESET:TIME: 2022-10-27-22-10-20
                    0 (1) 100 status=full health=good plug=none temp=313 volt=4266 current=0 ap_temp=37 pst_temp=37 bat_temp=31 chg_temp=35 pa_temp=33 -tx_share misc_event=65536 online=19 current_event=0 charge=2967 +running +wake_lock +wifi_multicast +wifi_radio +screen phone_state=emergency phone_signal_strength=good +power_save +wifi_running +wifi +usb_data wifi_signal_strength=3 wifi_suppl=completed +ble_scan
                    0 (2) 100 fg=u0a194:"com.sec.android.app.shealth"
                    0 (2) 100 top=u0a378:"com.flickr.android"
                    0 (2) 100 user=0:"0"
                    0 (2) 100 user=150:"150"
                    0 (2) 100 userfg=0:"0"
                    0 (2) 100 longwake=u0a26:"*gms_scheduler*/com.google.android.gms/.libs.gmscorelogger.GmsCoreLoggerFilesCleanupTask"
                    0 (2) 100 longwake=u150a26:"*gms_scheduler*/com.google.android.gms/.libs.gmscorelogger.GmsCoreLoggerFilesCleanupTask"
                    0 (2) 100 longwake=u0a26:"*gms_scheduler*/com.google.android.gms/.phenotype.service.sync.PhenotypeConfigurator"
                    0 (2) 100 longwake=u0a26:"*gms_scheduler*/com.google.android.gms/.common.stats.AvailabilityFilesCleanupTask"
                    0 (2) 100 longwake=u150a26:"*gms_scheduler*/com.google.android.gms/.common.stats.AvailabilityFilesCleanupTask"
                 +3ms (2) 100 stats=0:"wakelock-change"
                +23ms (2) 100 stats=0:"dump"
             +2s786ms (3) 100 current=0 ap_temp=39 pst_temp=37 bat_temp=31 chg_temp=36 pa_temp=33
            +12s580ms (2) 100 +job=u0a47:"com.android.vending/com.google.android.finsky.scheduler.process.mainimpl.PhoneskyJobServiceMain"
            +12s862ms (3) 100 current=0 ap_temp=37 pst_temp=37 bat_temp=31 chg_temp=35 pa_temp=34
            +17s642ms (2) 100 -job=u0a47:"com.android.vending/com.google.android.finsky.scheduler.process.mainimpl.PhoneskyJobServiceMain"
            +20s490ms (2) 100 +longwake=u0a113:"*alarm*"
            +21s931ms (2) 100 +job=u0a26:"com.google.android.gms.chromesync/com.google/eM_ADDR:android"
            +22s004ms (2) 100 +sync=u0a26:"com.google.android.gms.chromesync/com.google/eM_ADDR"
            +22s527ms (2) 100 -job=u0a26:"com.google.android.gms.chromesync/com.google/eM_ADDR:android"
            +22s535ms (2) 100 -sync=u0a26:"com.google.android.gms.chromesync/com.google/eM_ADDR"
            +22s952ms (4) 100 current=0 ap_temp=37 pst_temp=37 bat_temp=31 chg_temp=35 pa_temp=33 +job=u0a90:"com.google.android.googlequicksearchbox/com.google.android.apps.gsa.tasks.BackgroundTasksJobService"
            +25s613ms (2) 100 -job=u0a90:"com.google.android.googlequicksearchbox/com.google.android.apps.gsa.tasks.BackgroundTasksJobService"
            +33s040ms (4) 100 current=0 ap_temp=36 pst_temp=37 bat_temp=31 chg_temp=34 pa_temp=33 -longwake=u150a26:"*gms_scheduler*/com.google.android.gms/.common.stats.AvailabilityFilesCleanupTask"
            +33s581ms (2) 100 -longwake=u0a26:"*gms_scheduler*/com.google.android.gms/.common.stats.AvailabilityFilesCleanupTask"
            +33s582ms (2) 100 -longwake=u150a26:"*gms_scheduler*/com.google.android.gms/.libs.gmscorelogger.GmsCoreLoggerFilesCleanupTask"
            +33s582ms (2) 100 -longwake=u0a26:"*gms_scheduler*/com.google.android.gms/.libs.gmscorelogger.GmsCoreLoggerFilesCleanupTask"
            +36s265ms (2) 100 -longwake=u0a113:"*alarm*"
            +41s880ms (2) 100 +job=u0a47:"com.android.vending/com.google.android.finsky.scheduler.process.mainimpl.PhoneskyJobServiceMain"
            +42s008ms (2) 100 -job=u0a47:"com.android.vending/com.google.android.finsky.scheduler.process.mainimpl.PhoneskyJobServiceMain"
            +53s187ms (3) 100 current=0 ap_temp=35 pst_temp=37 bat_temp=31 chg_temp=34 pa_temp=33
          +1m02s853ms (2) 100 +job=u0a47:"com.android.vending/com.google.android.finsky.scheduler.process.mainimpl.PhoneskyJobServiceMain"
          +1m03s265ms (4) 100 current=0 ap_temp=35 pst_temp=36 bat_temp=31 chg_temp=34 pa_temp=33 -job=u0a47:"com.android.vending/com.google.android.finsky.scheduler.process.mainimpl.PhoneskyJobServiceMain"
          +1m11s620ms (2) 100 pkgactive=u0a183:"com.samsung.android.gearoplugin"
          +1m11s620ms (2) 100 pkgactive=u0a27:"com.google.android.ext.services"
          +1m11s621ms (2) 100 pkgactive=u0a183:"com.samsung.accessory.beansmgr"
          +1m11s621ms (2) 100 pkgactive=u0a10:"com.samsung.android.providers.context"
          +1m13s349ms (3) 100 current=0 ap_temp=35 pst_temp=36 bat_temp=31 chg_temp=34 pa_temp=32
          +1m24s687ms (2) 100 stats=0:"get-stats"
          +1m26s999ms (2) 100 +job=u0a47:"com.android.vending/com.google.android.finsky.scheduler.process.mainimpl.PhoneskyJobServiceMain"
          +1m27s944ms (2) 100 -job=u0a47:"com.android.vending/com.google.android.finsky.scheduler.process.mainimpl.PhoneskyJobServiceMain"
          +1m33s500ms (3) 100 current=0 ap_temp=35 pst_temp=36 bat_temp=31 chg_temp=33 pa_temp=32
          +1m41s580ms (2) 100 +longwake=u0a26:"*gms_scheduler*/com.google.android.gms/.gass.chimera.SchedulePeriodicTasksService"
          +1m41s728ms (2) 100 +longwake=u150a26:"*gms_scheduler*/com.google.android.gms/.clearcut.uploader.QosUploaderService"
          +1m41s729ms (2) 100 +longwake=u0a26:"*gms_scheduler*/com.google.android.gms/.clearcut.uploader.QosUploaderService"
          +1m43s368ms (2) 100 +tmpwhitelist=u0a26:"broadcast:u0a26:com.google.android.intent.action.GCM_RECONNECT"
          +1m46s144ms (2) 100 +job=u0a47:"com.android.vending/com.google.android.finsky.scheduler.process.mainimpl.PhoneskyJobServiceMain"
          +1m46s233ms (2) 100 -job=u0a47:"com.android.vending/com.google.android.finsky.scheduler.process.mainimpl.PhoneskyJobServiceMain"
          +1m51s752ms (2) 100 -longwake=u0a26:"*gms_scheduler*/com.google.android.gms/.gass.chimera.SchedulePeriodicTasksService"
          +1m51s865ms (2) 100 -longwake=u0a26:"*gms_scheduler*/com.google.android.gms/.phenotype.service.sync.PhenotypeConfigurator"
          +1m51s868ms (2) 100 -longwake=u150a26:"*gms_scheduler*/com.google.android.gms/.clearcut.uploader.QosUploaderService"
          +1m51s869ms (2) 100 -longwake=u0a26:"*gms_scheduler*/com.google.android.gms/.clearcut.uploader.QosUploaderService"
          +1m53s378ms (2) 100 -top=u0a378:"com.flickr.android"
          +1m53s378ms (2) 100 +top=u0a377:"com.tumblr"
          +1m53s425ms (2) 100 stats=0:"remove-uid"
          +1m53s466ms (2) 100 -tmpwhitelist=u0a26:"broadcast:u0a26:com.google.android.intent.action.GCM_RECONNECT"
          +1m53s629ms (5) 100 current=0 ap_temp=35 pst_temp=36 bat_temp=31 chg_temp=34 pa_temp=32 +audio +job=u0a377:"com.tumblr/.fcm.FCMTokenRegistrarJobService"
          +1m54s292ms (3) 100 -audio -job=u0a377:"com.tumblr/.fcm.FCMTokenRegistrarJobService"
          +1m54s550ms (2) 100 +audio
          +1m57s760ms (2) 100 -audio
          +1m57s959ms (3) 100 +audio stats=0:"dump"

Total cpu time reads: 1
Batched cpu time reads: 0
Batching Duration (min): 1114
All UID cpu time reads since the later of device start or stats reset: 20
UIDs removed since the later of device start or stats reset: 0
KernelUidCpuTimeReader Exception :



2022-10-27 22:12:15,699:DEBUG:AndroidRunner.Adb:ce0517150d4a122003: "dumpsys batterystats | grep "Computed drain:"" returned: 
    Capacity: 3000, Typical: 0, Computed drain: 13.0, actual drain: 0

2022-10-27 22:12:16,094:DEBUG:AndroidRunner.Adb:ce0517150d4a122003: "dumpsys batterystats | grep "volt="" returned: 
                    0 (1) 100 status=full health=good plug=none temp=313 volt=4266 current=0 ap_temp=37 pst_temp=37 bat_temp=31 chg_temp=35 pa_temp=33 -tx_share misc_event=65536 online=19 current_event=0 charge=2967 +running +wake_lock +wifi_multicast +wifi_radio +screen phone_state=emergency phone_signal_strength=good +power_save +wifi_running +wifi +usb_data wifi_signal_strength=3 wifi_suppl=completed +ble_scan

2022-10-27 22:12:16,556:DEBUG:AndroidRunner.Adb:ce0517150d4a122003: "cat /proc/cpuinfo | grep processor | wc -l" returned: 
8

2022-10-27 22:12:16,671:DEBUG:AndroidRunner.Adb:ce0517150d4a122003: "getprop ro.build.version.sdk" returned: 
28

2022-10-27 22:12:26,903:INFO:NativeExperiment:Sleeping for 60000 milliseconds
2022-10-27 22:13:27,176:DEBUG:AndroidRunner.Adb:ce0517150d4a122003: "pm list packages" returned: 
package:com.mobeam.barcodeService
package:com.samsung.android.provider.filterprovider
package:com.monotype.android.font.rosemary
package:com.sec.android.app.DataCreate
package:com.samsung.android.app.ledcoverdream
package:com.android.cts.priv.ctsshim
package:com.samsung.android.gearoplugin
package:com.gd.mobicore.pa
package:com.sec.android.widgetapp.samsungapps
package:com.samsung.android.smartswitchassistant
package:com.sec.vsim.ericssonnsds.webapp
package:com.sec.android.app.setupwizardlegalprovider
package:com.google.android.youtube
package:com.samsung.android.app.galaxyfinder
package:com.sec.location.nsflp2
package:com.samsung.android.themestore
package:com.sec.android.app.chromecustomizations
package:com.samsung.android.app.aodservice
package:com.samsung.android.app.cocktailbarservice
package:com.android.internal.display.cutout.emulation.corner
package:com.google.android.ext.services
package:com.sec.android.app.suwscriptplayer
package:com.android.internal.display.cutout.emulation.double
package:com.android.providers.telephony
package:com.sec.android.app.parser
package:com.samsung.svoice.sync
package:com.google.android.googlequicksearchbox
package:com.samsung.android.calendar
package:com.samsung.android.timezone.updater
package:com.android.providers.calendar
package:com.utorrent.client
package:com.osp.app.signin
package:com.samsung.clipboardsaveservice
package:com.sec.automation
package:com.android.providers.media
package:com.samsung.android.app.social
package:com.google.android.onetimeinitializer
package:com.expressvpn.vpn
package:com.sec.android.mimage.gear360editor
package:com.google.android.ext.shared
package:com.samsung.android.spdclient
package:com.android.wallpapercropper
package:com.teslacoilsw.launcher
package:com.samsung.android.wallpaper.res
package:com.samsung.android.smartmirroring
package:com.skms.android.agent
package:com.sec.android.desktopcommunity
package:com.sec.android.app.safetyassurance
package:com.samsung.gpudriver.S8MaliG71_90
package:com.samsung.android.incallui
package:com.samsung.android.knox.containercore
package:com.samsung.android.kidsinstaller
package:com.sec.factory.camera
package:com.sec.vsimservice
package:com.sec.usbsettings
package:com.samsung.accessory.beansmgr
package:com.samsung.android.easysetup
package:com.android.documentsui
package:com.android.externalstorage
package:com.sec.android.easyonehand
package:com.sec.factory
package:com.samsung.android.provider.stickerprovider
package:com.android.htmlviewer
package:com.samsung.android.app.sbrowseredge
package:com.android.companiondevicemanager
package:com.android.mms.service
package:com.samsung.android.rubin.app
package:com.sec.android.wallpapercropper2
package:com.android.providers.downloads
package:com.diotek.sec.lookup.dictionary
package:com.sec.android.cover.ledcover
package:com.sec.android.easyMover.Agent
package:com.samsung.ucs.agent.boot
package:com.samsung.accessory.safiletransfer
package:com.wsomacp
package:com.samsung.faceservice
package:com.sec.android.app.voicenote
package:com.monotype.android.font.foundation
package:com.sec.android.widgetapp.easymodecontactswidget
package:com.samsung.android.email.provider
package:com.samsung.android.MtpApplication
package:com.sec.android.app.factorykeystring
package:com.sec.android.app.samsungapps
package:com.sec.android.emergencymode.service
package:com.tplink.tether
package:com.google.android.configupdater
package:com.sec.android.app.wlantest
package:com.microsoft.office.excel
package:com.samsung.android.app.camera.sticker.facear.preload
package:com.samsung.android.app.settings.bixby
package:com.sec.android.app.billing
package:com.samsung.android.app.selfmotionpanoramaviewer
package:com.sec.epdgtestapp
package:com.samsung.android.timezone.data_P
package:com.samsung.android.game.gamehome
package:com.sec.android.app.desktoplauncher
package:com.android.defcontainer
package:com.samsung.android.widgetapp.yahooedge.finance
package:com.sec.android.daemonapp
package:com.samsung.daydream.customization
package:com.google.ar.core
package:com.sec.ims
package:com.sec.sve
package:com.sec.enterprise.knox.attestation
package:com.android.providers.downloads.ui
package:com.android.vending
package:com.android.pacprocessor
package:com.android.simappdialog
package:com.samsung.systemui.bixby2
package:com.dsi.ant.service.socket
package:com.sec.android.AutoPreconfig
package:com.microsoft.skydrive
package:com.samsung.android.SettingsReceiver
package:com.android.internal.display.cutout.emulation.tall
package:com.sec.android.app.soundalive
package:com.sec.android.providers.security
package:com.sec.android.provider.badge
package:com.android.certinstaller
package:de.axelspringer.yana.zeropage
package:com.samsung.android.securitylogagent
package:com.android.carrierconfig
package:com.samsung.android.app.watchmanager
package:com.samsung.android.knox.containeragent
package:com.reddit.frontpage
package:com.samsung.android.app.assistantmenu
package:com.candl.chronos
package:com.samsung.SMT
package:com.samsung.cmh
package:com.samsung.mlp
package:com.samsung.rcs
package:com.sec.android.ofviewer
package:com.sec.factory.iris.usercamera
package:com.samsung.android.drivelink.stub
package:android
package:com.android.hotwordenrollment.xgoogle
package:com.samsung.android.sm.devicesecurity
package:com.dsi.ant.sample.acquirechannels
package:com.samsung.android.net.wifi.wifiguider
package:com.samsung.android.bixby.service
package:com.samsung.android.smartface
package:com.android.egg
package:com.android.mtp
package:com.android.nfc
package:com.android.stk
package:com.samsung.android.messaging
package:com.samsung.android.emojiupdater
package:com.android.backupconfirm
package:com.samsung.android.widgetapp.yahooedge.sport
package:com.samsung.klmsagent
package:com.instagram.android
package:com.samsung.android.smartfitting
package:com.sec.android.app.SecSetupWizard
package:com.pinterest
package:com.samsung.android.app.telephonyui
package:com.samsung.android.samsungpositioning
package:com.android.statementservice
package:com.google.android.gm
package:com.samsung.android.bixby.agent
package:com.google.android.apps.tachyon
package:com.sec.android.app.hwmoduletest
package:com.android.settings.intelligence
package:com.sec.bcservice
package:org.chromium.webapk.a69ab1c52e5d4ce5d
package:com.sec.modem.settings
package:com.samsung.android.server.iris
package:com.android.systemui.theme.dark
package:com.samsung.android.providers.context
package:com.sec.android.app.servicemodeapp
package:com.sec.android.preloadinstaller
package:com.sec.android.uibcvirtualsoftkey
package:com.google.android.setupwizard
package:com.sec.android.gallery3d
package:com.android.providers.settings
package:com.samsung.accessibility
package:com.sec.imsservice
package:com.android.sharedstoragebackup
package:com.facebook.services
package:com.google.android.music
package:com.samsung.android.mobileservice
package:com.android.printspooler
package:com.android.hotwordenrollment.okgoogle
package:com.samsung.android.hmt.vrsvc
package:com.samsung.android.bixby.es.globalaction
package:com.samsung.storyservice
package:com.android.dreams.basic
package:com.sec.android.app.music
package:com.android.se
package:com.android.inputdevices
package:com.samsung.android.kgclient
package:com.samsung.knox.securefolder
package:com.samsung.android.app.talkback
package:com.android.bips
package:com.android.stk2
package:com.samsung.android.game.gametools
package:com.samsung.desktopsystemui
package:com.samsung.android.app.simplesharing
package:com.samsung.android.service.peoplestripe
package:com.samsung.android.da.daagent
package:com.sec.android.watchweb
package:com.samsung.android.brightnessbackupservice
package:com.samsung.android.app.reminder
package:com.twitter.android
package:com.samsung.app.slowmotion
package:com.samsung.android.timezone.autoupdate_O
package:com.samsung.android.smartcallprovider
package:com.samsung.android.app.smartcapture
package:com.sec.android.desktopmode.uiservice
package:com.google.android.apps.docs
package:com.google.android.apps.maps
package:com.dsi.ant.plugins.antplus
package:com.samsung.android.app.taskedge
package:com.microsoft.office.word
package:com.samsung.advp.imssettings
package:com.samsung.android.location
package:com.sec.android.inputmethod
package:com.samsung.android.app.advsounddetector
package:com.teslacoilsw.launcher.prime
package:com.sec.android.app.clockpackage
package:com.sec.android.RilServiceModeApp
package:com.google.android.webview
package:com.samsung.android.mdecservice
package:com.sec.android.app.simsettingmgr
package:com.microsoft.office.powerpoint
package:com.android.server.telecom
package:com.google.android.syncadapters.contacts
package:com.samsung.crane
package:com.sec.imslogger
package:com.samsung.android.clipboarduiservice
package:com.android.keychain
package:com.android.chrome
package:com.samsung.android.ipsgeofence
package:com.samsung.android.themecenter
package:com.google.android.packageinstaller
package:com.google.android.gms
package:com.google.android.gsf
package:com.google.android.tts
package:android.autoinstalls.config.samsung
package:com.android.calllogbackup
package:com.google.android.partnersetup
package:com.samsung.android.spdfnote
package:com.sec.android.diagmonagent
package:com.samsung.android.knox.containerdesktop
package:com.google.android.videos
package:com.mindesigns.zwskin.min
package:com.sec.spp.push
package:com.android.carrierdefaultapp
package:com.dsi.ant.server
package:com.sec.android.app.myfiles
package:com.android.proxyhandler
package:com.samsung.android.allshare.service.fileshare
package:com.sec.android.mimage.photoretouching
package:com.sec.android.app.launcher
package:com.samsung.android.universalswitch
package:com.zhiliaoapp.musically
package:com.sec.android.app.apex
package:com.flickr.android
package:com.google.android.feedback
package:com.google.android.printservice.recommendation
package:com.google.android.apps.photos
package:com.google.android.calendar
package:com.google.android.syncadapters.calendar
package:com.android.managedprovisioning
package:com.samsung.android.setting.multisound
package:com.samsung.visionprovider
package:com.samsung.android.authfw
package:com.sec.android.app.sbrowser
package:com.monotype.android.font.chococooky
package:com.android.dreams.phototable
package:com.sec.android.service.health
package:com.samsung.safetyinformation
package:com.samsung.android.dialer
package:com.facebook.katana
package:com.samsung.android.dqagent
package:com.samsung.app.highlightplayer
package:com.sec.android.app.ringtoneBR
package:com.samsung.android.game.gos
package:com.sec.android.app.vepreload
package:com.android.providers.partnerbookmarks
package:com.sem.factoryapp
package:com.samsung.android.keyguardwallpaperupdator
package:com.trustonic.teeservice
package:com.android.wallpaper.livepicker
package:com.samsung.android.beaconmanager
package:com.sec.enterprise.mdm.services.simpin
package:com.android.apps.tag
package:com.samsung.android.stickercenter
package:com.facebook.system
package:com.samsung.android.oneconnect
package:com.sec.android.app.popupcalculator
package:com.sec.android.soagent
package:com.google.android.gms.policy_sidecar_aps
package:com.sec.android.app.quicktool
package:com.samsung.android.fmm
package:com.samsung.android.mdm
package:com.samsung.android.rlc
package:com.samsung.android.voc
package:com.sec.android.app.shealth
package:com.sec.unifiedwfc
package:com.sec.phone
package:com.samsung.android.bixby.wakeup
package:com.samsung.accessory
package:com.google.android.backuptransport
package:com.samsung.android.app.interactivepanoramaviewer
package:com.samsung.android.samsungpass
package:com.samsung.android.bixby.plmsync
package:com.android.storagemanager
package:com.samsung.android.scloud
package:com.samsung.android.app.soundpicker
package:com.sec.app.RilErrorNotifier
package:com.samsung.android.spayfw
package:com.samsung.android.ststub
package:com.android.bookmarkprovider
package:com.linkedin.android
package:com.android.settings
package:com.samsung.app.newtrim
package:fm.anchor.android
package:com.samsung.android.dsms
package:com.samsung.android.lool
package:com.samsung.android.app.notes
package:com.sec.android.app.bluetoothtest
package:com.sec.android.sdhms
package:com.samsung.android.app.spage
package:com.incorporateapps.fakegps.fre
package:com.samsung.android.knox.analytics.uploader
package:com.samsung.android.sm.policy
package:com.sec.android.emergencylauncher
package:com.tumblr
package:com.sec.hearingadjust
package:com.sec.android.easyMover
package:com.google.android.apps.turbo
package:com.fastemulator.gbafree
package:com.samsung.android.bluelightfilter
package:com.samsung.android.bbc.bbcagent
package:com.samsung.android.visionintelligence
package:com.knox.vpn.proxyhandler
package:com.android.cts.ctsshim
package:com.sec.android.splitsound
package:com.samsung.android.app.watchmanagerstub
package:com.samsung.android.svcagent
package:com.samsung.android.mateagent
package:com.samsung.android.networkdiagnostic
package:com.enhance.gameservice
package:com.samsung.android.shortcutbackupservice
package:com.android.vpndialogs
package:com.samsung.ucs.agent.ese
package:com.android.phone
package:com.google.vr.vrcore
package:com.android.shell
package:com.android.wallpaperbackup
package:com.android.providers.blockednumber
package:com.samsung.android.app.omcagent
package:com.hiya.star
package:com.android.providers.userdictionary
package:com.sec.enterprise.knox.cloudmdm.smdms
package:com.samsung.android.app.camera.sticker.stamp.preload
package:com.android.emergency
package:com.wssyncmldm
package:com.samsung.ims.smk
package:com.android.location.fused
package:com.samsung.android.app.appsedge
package:com.samsung.android.samsungpassautofill
package:com.sec.epdg
package:com.android.systemui
package:com.sec.android.app.personalization
package:com.monotype.android.font.cooljazz
package:com.android.bluetoothmidiservice
package:com.samsung.android.sdk.handwriting
package:com.facebook.appmanager
package:com.samsung.aasaservice
package:com.samsung.systemui.hidenotch
package:com.android.traceur
package:com.samsung.android.allshare.service.mediashare
package:com.sec.android.provider.emergencymode
package:com.google.android.play.games
package:com.sec.android.app.applinker
package:com.sec.android.app.camera
package:com.android.bluetooth
package:com.samsung.android.contacts
package:com.samsung.android.app.clipboardedge
package:com.android.providers.contacts
package:com.samsung.ipservice
package:com.sec.android.app.magnifier
package:com.sec.android.widgetapp.webmanual
package:com.samsung.sec.android.application.csc
package:com.android.captiveportallogin
package:com.samsung.android.app.motionpanoramaviewer
package:com.samsung.android.bio.face.service
package:com.samsung.android.bixby.agent.dummy
package:com.samsung.android.video
package:com.google.android.apps.restore

2022-10-27 22:13:27,177:INFO:Profilers:Start subject aggregation
2022-10-27 22:13:27,177:DEBUG:PluginHandler:%s: aggregating subject results
2022-10-27 22:13:27,179:INFO:NativeExperiment:Experiment completed, start cleanup
2022-10-27 22:13:27,275:DEBUG:AndroidRunner.Adb:ce0517150d4a122003: "getprop ro.build.version.release" returned: 
9

2022-10-27 22:13:27,387:DEBUG:AndroidRunner.Adb:ce0517150d4a122003: "getprop ro.build.version.sdk" returned: 
28

2022-10-27 22:13:27,388:DEBUG:Scripts:Running hook after_experiment on device samsung (ce0517150d4a122003, Android 9, API level 28)
args: ()
kwargs: {}
2022-10-27 22:13:27,397:INFO:Python3:after_experiment.py
2022-10-27 22:13:27,399:DEBUG:Python3:after_experiment.py returned None
2022-10-27 22:13:27,558:DEBUG:AndroidRunner.Adb:ce0517150d4a122003: "dumpsys battery reset" returned: 

2022-10-27 22:13:27,559:INFO:Profilers:Stop profiling
2022-10-27 22:13:27,700:DEBUG:AndroidRunner.Adb:ce0517150d4a122003: "getprop ro.build.version.release" returned: 
9

2022-10-27 22:13:27,818:DEBUG:AndroidRunner.Adb:ce0517150d4a122003: "getprop ro.build.version.sdk" returned: 
28

2022-10-27 22:13:27,818:DEBUG:PluginHandler:Batterystats: samsung (ce0517150d4a122003, Android 9, API level 28): Stop profiling
2022-10-27 22:13:30,017:INFO:Profilers:Unloading
2022-10-27 22:13:30,172:DEBUG:AndroidRunner.Adb:ce0517150d4a122003: "getprop ro.build.version.release" returned: 
9

2022-10-27 22:13:30,311:DEBUG:AndroidRunner.Adb:ce0517150d4a122003: "getprop ro.build.version.sdk" returned: 
28

2022-10-27 22:13:30,311:DEBUG:PluginHandler:Batterystats: samsung (ce0517150d4a122003, Android 9, API level 28): Cleanup
2022-10-27 22:13:30,644:DEBUG:AndroidRunner.Adb:ce0517150d4a122003: "pm list packages" returned: 
package:com.mobeam.barcodeService
package:com.samsung.android.provider.filterprovider
package:com.monotype.android.font.rosemary
package:com.sec.android.app.DataCreate
package:com.samsung.android.app.ledcoverdream
package:com.android.cts.priv.ctsshim
package:com.samsung.android.gearoplugin
package:com.gd.mobicore.pa
package:com.sec.android.widgetapp.samsungapps
package:com.samsung.android.smartswitchassistant
package:com.sec.vsim.ericssonnsds.webapp
package:com.sec.android.app.setupwizardlegalprovider
package:com.google.android.youtube
package:com.samsung.android.app.galaxyfinder
package:com.sec.location.nsflp2
package:com.samsung.android.themestore
package:com.sec.android.app.chromecustomizations
package:com.samsung.android.app.aodservice
package:com.samsung.android.app.cocktailbarservice
package:com.android.internal.display.cutout.emulation.corner
package:com.google.android.ext.services
package:com.sec.android.app.suwscriptplayer
package:com.android.internal.display.cutout.emulation.double
package:com.android.providers.telephony
package:com.sec.android.app.parser
package:com.samsung.svoice.sync
package:com.google.android.googlequicksearchbox
package:com.samsung.android.calendar
package:com.samsung.android.timezone.updater
package:com.android.providers.calendar
package:com.utorrent.client
package:com.osp.app.signin
package:com.samsung.clipboardsaveservice
package:com.sec.automation
package:com.android.providers.media
package:com.samsung.android.app.social
package:com.google.android.onetimeinitializer
package:com.expressvpn.vpn
package:com.sec.android.mimage.gear360editor
package:com.google.android.ext.shared
package:com.samsung.android.spdclient
package:com.android.wallpapercropper
package:com.teslacoilsw.launcher
package:com.samsung.android.wallpaper.res
package:com.samsung.android.smartmirroring
package:com.skms.android.agent
package:com.sec.android.desktopcommunity
package:com.sec.android.app.safetyassurance
package:com.samsung.gpudriver.S8MaliG71_90
package:com.samsung.android.incallui
package:com.samsung.android.knox.containercore
package:com.samsung.android.kidsinstaller
package:com.sec.factory.camera
package:com.sec.vsimservice
package:com.sec.usbsettings
package:com.samsung.accessory.beansmgr
package:com.samsung.android.easysetup
package:com.android.documentsui
package:com.android.externalstorage
package:com.sec.android.easyonehand
package:com.sec.factory
package:com.samsung.android.provider.stickerprovider
package:com.android.htmlviewer
package:com.samsung.android.app.sbrowseredge
package:com.android.companiondevicemanager
package:com.android.mms.service
package:com.samsung.android.rubin.app
package:com.sec.android.wallpapercropper2
package:com.android.providers.downloads
package:com.diotek.sec.lookup.dictionary
package:com.sec.android.cover.ledcover
package:com.sec.android.easyMover.Agent
package:com.samsung.ucs.agent.boot
package:com.samsung.accessory.safiletransfer
package:com.wsomacp
package:com.samsung.faceservice
package:com.sec.android.app.voicenote
package:com.monotype.android.font.foundation
package:com.sec.android.widgetapp.easymodecontactswidget
package:com.samsung.android.email.provider
package:com.samsung.android.MtpApplication
package:com.sec.android.app.factorykeystring
package:com.sec.android.app.samsungapps
package:com.sec.android.emergencymode.service
package:com.tplink.tether
package:com.google.android.configupdater
package:com.sec.android.app.wlantest
package:com.microsoft.office.excel
package:com.samsung.android.app.camera.sticker.facear.preload
package:com.samsung.android.app.settings.bixby
package:com.sec.android.app.billing
package:com.samsung.android.app.selfmotionpanoramaviewer
package:com.sec.epdgtestapp
package:com.samsung.android.timezone.data_P
package:com.samsung.android.game.gamehome
package:com.sec.android.app.desktoplauncher
package:com.android.defcontainer
package:com.samsung.android.widgetapp.yahooedge.finance
package:com.sec.android.daemonapp
package:com.samsung.daydream.customization
package:com.google.ar.core
package:com.sec.ims
package:com.sec.sve
package:com.sec.enterprise.knox.attestation
package:com.android.providers.downloads.ui
package:com.android.vending
package:com.android.pacprocessor
package:com.android.simappdialog
package:com.samsung.systemui.bixby2
package:com.dsi.ant.service.socket
package:com.sec.android.AutoPreconfig
package:com.microsoft.skydrive
package:com.samsung.android.SettingsReceiver
package:com.android.internal.display.cutout.emulation.tall
package:com.sec.android.app.soundalive
package:com.sec.android.providers.security
package:com.sec.android.provider.badge
package:com.android.certinstaller
package:de.axelspringer.yana.zeropage
package:com.samsung.android.securitylogagent
package:com.android.carrierconfig
package:com.samsung.android.app.watchmanager
package:com.samsung.android.knox.containeragent
package:com.reddit.frontpage
package:com.samsung.android.app.assistantmenu
package:com.candl.chronos
package:com.samsung.SMT
package:com.samsung.cmh
package:com.samsung.mlp
package:com.samsung.rcs
package:com.sec.android.ofviewer
package:com.sec.factory.iris.usercamera
package:com.samsung.android.drivelink.stub
package:android
package:com.android.hotwordenrollment.xgoogle
package:com.samsung.android.sm.devicesecurity
package:com.dsi.ant.sample.acquirechannels
package:com.samsung.android.net.wifi.wifiguider
package:com.samsung.android.bixby.service
package:com.samsung.android.smartface
package:com.android.egg
package:com.android.mtp
package:com.android.nfc
package:com.android.stk
package:com.samsung.android.messaging
package:com.samsung.android.emojiupdater
package:com.android.backupconfirm
package:com.samsung.android.widgetapp.yahooedge.sport
package:com.samsung.klmsagent
package:com.instagram.android
package:com.samsung.android.smartfitting
package:com.sec.android.app.SecSetupWizard
package:com.pinterest
package:com.samsung.android.app.telephonyui
package:com.samsung.android.samsungpositioning
package:com.android.statementservice
package:com.google.android.gm
package:com.samsung.android.bixby.agent
package:com.google.android.apps.tachyon
package:com.sec.android.app.hwmoduletest
package:com.android.settings.intelligence
package:com.sec.bcservice
package:org.chromium.webapk.a69ab1c52e5d4ce5d
package:com.sec.modem.settings
package:com.samsung.android.server.iris
package:com.android.systemui.theme.dark
package:com.samsung.android.providers.context
package:com.sec.android.app.servicemodeapp
package:com.sec.android.preloadinstaller
package:com.sec.android.uibcvirtualsoftkey
package:com.google.android.setupwizard
package:com.sec.android.gallery3d
package:com.android.providers.settings
package:com.samsung.accessibility
package:com.sec.imsservice
package:com.android.sharedstoragebackup
package:com.facebook.services
package:com.google.android.music
package:com.samsung.android.mobileservice
package:com.android.printspooler
package:com.android.hotwordenrollment.okgoogle
package:com.samsung.android.hmt.vrsvc
package:com.samsung.android.bixby.es.globalaction
package:com.samsung.storyservice
package:com.android.dreams.basic
package:com.sec.android.app.music
package:com.android.se
package:com.android.inputdevices
package:com.samsung.android.kgclient
package:com.samsung.knox.securefolder
package:com.samsung.android.app.talkback
package:com.android.bips
package:com.android.stk2
package:com.samsung.android.game.gametools
package:com.samsung.desktopsystemui
package:com.samsung.android.app.simplesharing
package:com.samsung.android.service.peoplestripe
package:com.samsung.android.da.daagent
package:com.sec.android.watchweb
package:com.samsung.android.brightnessbackupservice
package:com.samsung.android.app.reminder
package:com.twitter.android
package:com.samsung.app.slowmotion
package:com.samsung.android.timezone.autoupdate_O
package:com.samsung.android.smartcallprovider
package:com.samsung.android.app.smartcapture
package:com.sec.android.desktopmode.uiservice
package:com.google.android.apps.docs
package:com.google.android.apps.maps
package:com.dsi.ant.plugins.antplus
package:com.samsung.android.app.taskedge
package:com.microsoft.office.word
package:com.samsung.advp.imssettings
package:com.samsung.android.location
package:com.sec.android.inputmethod
package:com.samsung.android.app.advsounddetector
package:com.teslacoilsw.launcher.prime
package:com.sec.android.app.clockpackage
package:com.sec.android.RilServiceModeApp
package:com.google.android.webview
package:com.samsung.android.mdecservice
package:com.sec.android.app.simsettingmgr
package:com.microsoft.office.powerpoint
package:com.android.server.telecom
package:com.google.android.syncadapters.contacts
package:com.samsung.crane
package:com.sec.imslogger
package:com.samsung.android.clipboarduiservice
package:com.android.keychain
package:com.android.chrome
package:com.samsung.android.ipsgeofence
package:com.samsung.android.themecenter
package:com.google.android.packageinstaller
package:com.google.android.gms
package:com.google.android.gsf
package:com.google.android.tts
package:android.autoinstalls.config.samsung
package:com.android.calllogbackup
package:com.google.android.partnersetup
package:com.samsung.android.spdfnote
package:com.sec.android.diagmonagent
package:com.samsung.android.knox.containerdesktop
package:com.google.android.videos
package:com.mindesigns.zwskin.min
package:com.sec.spp.push
package:com.android.carrierdefaultapp
package:com.dsi.ant.server
package:com.sec.android.app.myfiles
package:com.android.proxyhandler
package:com.samsung.android.allshare.service.fileshare
package:com.sec.android.mimage.photoretouching
package:com.sec.android.app.launcher
package:com.samsung.android.universalswitch
package:com.zhiliaoapp.musically
package:com.sec.android.app.apex
package:com.flickr.android
package:com.google.android.feedback
package:com.google.android.printservice.recommendation
package:com.google.android.apps.photos
package:com.google.android.calendar
package:com.google.android.syncadapters.calendar
package:com.android.managedprovisioning
package:com.samsung.android.setting.multisound
package:com.samsung.visionprovider
package:com.samsung.android.authfw
package:com.sec.android.app.sbrowser
package:com.monotype.android.font.chococooky
package:com.android.dreams.phototable
package:com.sec.android.service.health
package:com.samsung.safetyinformation
package:com.samsung.android.dialer
package:com.facebook.katana
package:com.samsung.android.dqagent
package:com.samsung.app.highlightplayer
package:com.sec.android.app.ringtoneBR
package:com.samsung.android.game.gos
package:com.sec.android.app.vepreload
package:com.android.providers.partnerbookmarks
package:com.sem.factoryapp
package:com.samsung.android.keyguardwallpaperupdator
package:com.trustonic.teeservice
package:com.android.wallpaper.livepicker
package:com.samsung.android.beaconmanager
package:com.sec.enterprise.mdm.services.simpin
package:com.android.apps.tag
package:com.samsung.android.stickercenter
package:com.facebook.system
package:com.samsung.android.oneconnect
package:com.sec.android.app.popupcalculator
package:com.sec.android.soagent
package:com.google.android.gms.policy_sidecar_aps
package:com.sec.android.app.quicktool
package:com.samsung.android.fmm
package:com.samsung.android.mdm
package:com.samsung.android.rlc
package:com.samsung.android.voc
package:com.sec.android.app.shealth
package:com.sec.unifiedwfc
package:com.sec.phone
package:com.samsung.android.bixby.wakeup
package:com.samsung.accessory
package:com.google.android.backuptransport
package:com.samsung.android.app.interactivepanoramaviewer
package:com.samsung.android.samsungpass
package:com.samsung.android.bixby.plmsync
package:com.android.storagemanager
package:com.samsung.android.scloud
package:com.samsung.android.app.soundpicker
package:com.sec.app.RilErrorNotifier
package:com.samsung.android.spayfw
package:com.samsung.android.ststub
package:com.android.bookmarkprovider
package:com.linkedin.android
package:com.android.settings
package:com.samsung.app.newtrim
package:fm.anchor.android
package:com.samsung.android.dsms
package:com.samsung.android.lool
package:com.samsung.android.app.notes
package:com.sec.android.app.bluetoothtest
package:com.sec.android.sdhms
package:com.samsung.android.app.spage
package:com.incorporateapps.fakegps.fre
package:com.samsung.android.knox.analytics.uploader
package:com.samsung.android.sm.policy
package:com.sec.android.emergencylauncher
package:com.tumblr
package:com.sec.hearingadjust
package:com.sec.android.easyMover
package:com.google.android.apps.turbo
package:com.fastemulator.gbafree
package:com.samsung.android.bluelightfilter
package:com.samsung.android.bbc.bbcagent
package:com.samsung.android.visionintelligence
package:com.knox.vpn.proxyhandler
package:com.android.cts.ctsshim
package:com.sec.android.splitsound
package:com.samsung.android.app.watchmanagerstub
package:com.samsung.android.svcagent
package:com.samsung.android.mateagent
package:com.samsung.android.networkdiagnostic
package:com.enhance.gameservice
package:com.samsung.android.shortcutbackupservice
package:com.android.vpndialogs
package:com.samsung.ucs.agent.ese
package:com.android.phone
package:com.google.vr.vrcore
package:com.android.shell
package:com.android.wallpaperbackup
package:com.android.providers.blockednumber
package:com.samsung.android.app.omcagent
package:com.hiya.star
package:com.android.providers.userdictionary
package:com.sec.enterprise.knox.cloudmdm.smdms
package:com.samsung.android.app.camera.sticker.stamp.preload
package:com.android.emergency
package:com.wssyncmldm
package:com.samsung.ims.smk
package:com.android.location.fused
package:com.samsung.android.app.appsedge
package:com.samsung.android.samsungpassautofill
package:com.sec.epdg
package:com.android.systemui
package:com.sec.android.app.personalization
package:com.monotype.android.font.cooljazz
package:com.android.bluetoothmidiservice
package:com.samsung.android.sdk.handwriting
package:com.facebook.appmanager
package:com.samsung.aasaservice
package:com.samsung.systemui.hidenotch
package:com.android.traceur
package:com.samsung.android.allshare.service.mediashare
package:com.sec.android.provider.emergencymode
package:com.google.android.play.games
package:com.sec.android.app.applinker
package:com.sec.android.app.camera
package:com.android.bluetooth
package:com.samsung.android.contacts
package:com.samsung.android.app.clipboardedge
package:com.android.providers.contacts
package:com.samsung.ipservice
package:com.sec.android.app.magnifier
package:com.sec.android.widgetapp.webmanual
package:com.samsung.sec.android.application.csc
package:com.android.captiveportallogin
package:com.samsung.android.app.motionpanoramaviewer
package:com.samsung.android.bio.face.service
package:com.samsung.android.bixby.agent.dummy
package:com.samsung.android.video
package:com.google.android.apps.restore

2022-10-27 22:13:30,644:INFO:Profilers:Start final aggregation
2022-10-27 22:13:30,644:DEBUG:PluginHandler:%s: aggregating results
