2022-10-27 22:08:06,038:INFO:ExperimentFactory:/Users/quinn/Desktop/android-runner/experiments/batterystats/config/native/facebook.json
2022-10-27 22:08:06,099:DEBUG:AndroidRunner.Adb:Device list:
{0: 'ce0517150d4a122003'}
2022-10-27 22:08:06,099:INFO:Device:Setting logcat buffer size to 57344K
2022-10-27 22:08:06,251:DEBUG:AndroidRunner.Adb:ce0517150d4a122003: "logcat -G 57344K" returned: 

2022-10-27 22:08:06,268:DEBUG:PluginHandler:batterystats: Initialized
2022-10-27 22:08:06,269:DEBUG:Python3:Imported /Users/quinn/Desktop/android-runner/experiments/batterystats/config/native/../../Scripts/before_experiment.py
2022-10-27 22:08:06,270:DEBUG:Python3:Imported /Users/quinn/Desktop/android-runner/experiments/batterystats/config/native/../../Scripts/before_run.py
2022-10-27 22:08:06,271:DEBUG:Python3:Imported /Users/quinn/Desktop/android-runner/experiments/batterystats/config/native/../../Scripts/after_launch.py
2022-10-27 22:08:06,272:DEBUG:Python3:Imported /Users/quinn/Desktop/android-runner/experiments/batterystats/config/native/../../Scripts/before_close.py
2022-10-27 22:08:06,273:DEBUG:Python3:Imported /Users/quinn/Desktop/android-runner/experiments/batterystats/config/native/../../Scripts/after_run.py
2022-10-27 22:08:06,273:DEBUG:Python3:Imported /Users/quinn/Desktop/android-runner/experiments/batterystats/config/native/../../Scripts/after_experiment.py
2022-10-27 22:08:06,274:DEBUG:MonkeyReplay:Replay path: /Users/quinn/Desktop/android-runner/experiments/batterystats/config/native/../../MonkeyScripts/facebook_app_play.monkeyrunner
2022-10-27 22:08:06,414:DEBUG:AndroidRunner.Adb:ce0517150d4a122003: "getprop ro.build.version.release" returned: 
9

2022-10-27 22:08:06,552:DEBUG:AndroidRunner.Adb:ce0517150d4a122003: "getprop ro.build.version.sdk" returned: 
28

2022-10-27 22:08:06,553:INFO:NativeExperiment:Device: samsung (ce0517150d4a122003, Android 9, API level 28)
2022-10-27 22:08:06,553:INFO:Profilers:Loading
2022-10-27 22:08:06,665:DEBUG:AndroidRunner.Adb:ce0517150d4a122003: "getprop ro.build.version.release" returned: 
9

2022-10-27 22:08:06,782:DEBUG:AndroidRunner.Adb:ce0517150d4a122003: "getprop ro.build.version.sdk" returned: 
28

2022-10-27 22:08:06,782:DEBUG:PluginHandler:Batterystats: samsung (ce0517150d4a122003, Android 9, API level 28): Loading configuration
2022-10-27 22:08:06,783:INFO:Device:Default unplug
2022-10-27 22:08:06,889:DEBUG:AndroidRunner.Adb:ce0517150d4a122003: "getprop ro.build.version.sdk" returned: 
28

2022-10-27 22:08:07,013:DEBUG:AndroidRunner.Adb:ce0517150d4a122003: "dumpsys battery unplug" returned: 

2022-10-27 22:08:07,157:DEBUG:AndroidRunner.Adb:ce0517150d4a122003: "getprop ro.build.version.release" returned: 
9

2022-10-27 22:08:07,322:DEBUG:AndroidRunner.Adb:ce0517150d4a122003: "getprop ro.build.version.sdk" returned: 
28

2022-10-27 22:08:07,323:DEBUG:Scripts:Running hook before_experiment on device samsung (ce0517150d4a122003, Android 9, API level 28)
args: ()
kwargs: {}
2022-10-27 22:08:07,331:INFO:Python3:before_experiment.py
2022-10-27 22:08:07,333:DEBUG:Python3:before_experiment.py returned None
2022-10-27 22:08:07,335:INFO:Profilers:Setting output
2022-10-27 22:08:07,336:DEBUG:PluginHandler:Batterystats: Setting output: /Users/quinn/Desktop/android-runner/experiments/batterystats/config/native/output/2022.10.27_220806/data/samsung/com-facebook-katana/batterystats
2022-10-27 22:08:07,336:INFO:NativeExperiment:Run 1/1 of subject "com.facebook.katana" on samsung
2022-10-27 22:08:07,643:DEBUG:AndroidRunner.Adb:ce0517150d4a122003: "logcat -c" returned: 

2022-10-27 22:08:07,644:INFO:NativeExperiment:Logcat cleared
2022-10-27 22:08:07,778:DEBUG:AndroidRunner.Adb:ce0517150d4a122003: "getprop ro.build.version.release" returned: 
9

2022-10-27 22:08:07,897:DEBUG:AndroidRunner.Adb:ce0517150d4a122003: "getprop ro.build.version.sdk" returned: 
28

2022-10-27 22:08:07,898:DEBUG:Scripts:Running hook before_run on device samsung (ce0517150d4a122003, Android 9, API level 28)
args: ()
kwargs: {}
2022-10-27 22:08:07,905:INFO:Python3:before_run.py
2022-10-27 22:08:07,906:DEBUG:Python3:before_run.py returned None
2022-10-27 22:08:08,814:DEBUG:AndroidRunner.Adb:ce0517150d4a122003: "monkey -p com.facebook.katana 1" returned: 
  bash arg: -p
  bash arg: com.facebook.katana
  bash arg: 1
args: [-p, com.facebook.katana, 1]
 arg: "-p"
 arg: "com.facebook.katana"
 arg: "1"
data="com.facebook.katana"
Events injected: 1
## Network stats: elapsed time=90ms (0ms mobile, 0ms wifi, 90ms not connected)

2022-10-27 22:08:09,905:DEBUG:AndroidRunner.Adb:ce0517150d4a122003: "dumpsys activity recents | grep "Recent #0" | cut -d "=" -f2 | grep -o -p "[a-z|.]*"" returned: 
com.facebook.katana


2022-10-27 22:08:09,905:DEBUG:Device:Current activity: com.facebook.katana
2022-10-27 22:08:09,955:DEBUG:AndroidRunner.Adb:ce0517150d4a122003: "getprop ro.build.version.release" returned: 
9

2022-10-27 22:08:10,004:DEBUG:AndroidRunner.Adb:ce0517150d4a122003: "getprop ro.build.version.sdk" returned: 
28

2022-10-27 22:08:10,005:DEBUG:Scripts:Running hook after_launch on device samsung (ce0517150d4a122003, Android 9, API level 28)
args: ('ce0517150d4a122003', 'com.facebook.katana')
kwargs: {}
2022-10-27 22:08:10,010:INFO:Python3:after_launch.py
2022-10-27 22:08:10,011:DEBUG:Python3:after_launch.py returned None
2022-10-27 22:08:10,014:INFO:Profilers:Start profiling
2022-10-27 22:08:10,054:DEBUG:AndroidRunner.Adb:ce0517150d4a122003: "getprop ro.build.version.release" returned: 
9

2022-10-27 22:08:10,095:DEBUG:AndroidRunner.Adb:ce0517150d4a122003: "getprop ro.build.version.sdk" returned: 
28

2022-10-27 22:08:10,095:DEBUG:PluginHandler:Batterystats: samsung (ce0517150d4a122003, Android 9, API level 28): Start profiling
2022-10-27 22:08:10,172:DEBUG:AndroidRunner.Adb:ce0517150d4a122003: "dumpsys batterystats --reset" returned: 
Battery stats reset.

2022-10-27 22:08:12,504:DEBUG:AndroidRunner.Adb:ce0517150d4a122003: "getprop ro.build.version.release" returned: 
9

2022-10-27 22:08:12,595:DEBUG:AndroidRunner.Adb:ce0517150d4a122003: "getprop ro.build.version.sdk" returned: 
28

2022-10-27 22:08:12,596:DEBUG:Scripts:Running hook interaction on device samsung (ce0517150d4a122003, Android 9, API level 28)
args: (<AndroidRunner.NativeExperiment.NativeExperiment object at 0x7fef851b2990>,)
kwargs: {}
2022-10-27 22:08:12,603:INFO:MonkeyReplay:facebook_app_play.monkeyrunner
2022-10-27 22:08:16,549:DEBUG:MonkeyReplay:monkeyrunner stdout: opened file
could not replay action TOUCH|{'x':462,'y':261,'type':'downAndUp',}

could not replay action WAIT|{'seconds':10.0,}

0/2 actions completed
done

2022-10-27 22:08:16,550:DEBUG:MonkeyReplay:monkeyrunner stderr: 
2022-10-27 22:08:16,551:DEBUG:MonkeyReplay:facebook_app_play.monkeyrunner returned 0
2022-10-27 22:09:56,559:INFO:Profilers:Stop profiling
2022-10-27 22:09:56,634:DEBUG:AndroidRunner.Adb:ce0517150d4a122003: "getprop ro.build.version.release" returned: 
9

2022-10-27 22:09:56,698:DEBUG:AndroidRunner.Adb:ce0517150d4a122003: "getprop ro.build.version.sdk" returned: 
28

2022-10-27 22:09:56,698:DEBUG:PluginHandler:Batterystats: samsung (ce0517150d4a122003, Android 9, API level 28): Stop profiling
2022-10-27 22:10:01,237:DEBUG:AndroidRunner.Adb:ce0517150d4a122003: "dumpsys activity recents | grep "Recent #0" | cut -d "=" -f2 | grep -o -p "[a-z|.]*"" returned: 
com.facebook.katana


2022-10-27 22:10:01,237:DEBUG:Device:Current activity: com.facebook.katana
2022-10-27 22:10:01,303:DEBUG:AndroidRunner.Adb:ce0517150d4a122003: "getprop ro.build.version.release" returned: 
9

2022-10-27 22:10:01,368:DEBUG:AndroidRunner.Adb:ce0517150d4a122003: "getprop ro.build.version.sdk" returned: 
28

2022-10-27 22:10:01,369:DEBUG:Scripts:Running hook before_close on device samsung (ce0517150d4a122003, Android 9, API level 28)
args: ('ce0517150d4a122003', 'com.facebook.katana')
kwargs: {}
2022-10-27 22:10:01,376:INFO:Python3:before_close.py
2022-10-27 22:10:01,377:DEBUG:Python3:before_close.py returned None
2022-10-27 22:10:01,631:DEBUG:AndroidRunner.Adb:ce0517150d4a122003: "am force-stop com.facebook.katana" returned: 

2022-10-27 22:10:04,705:DEBUG:AndroidRunner.Adb:ce0517150d4a122003: "getprop ro.build.version.release" returned: 
9

2022-10-27 22:10:04,752:DEBUG:AndroidRunner.Adb:ce0517150d4a122003: "getprop ro.build.version.sdk" returned: 
28

2022-10-27 22:10:04,752:DEBUG:Scripts:Running hook after_run on device samsung (ce0517150d4a122003, Android 9, API level 28)
args: ()
kwargs: {}
2022-10-27 22:10:04,757:INFO:Python3:after_run.py
2022-10-27 22:10:05,641:DEBUG:AndroidRunner.Adb:ce0517150d4a122003: "input tap 600 1000" returned: 

2022-10-27 22:10:05,642:DEBUG:Python3:after_run.py returned None
2022-10-27 22:10:05,646:INFO:Profilers:Collecting results
2022-10-27 22:10:05,695:DEBUG:AndroidRunner.Adb:ce0517150d4a122003: "getprop ro.build.version.release" returned: 
9

2022-10-27 22:10:05,736:DEBUG:AndroidRunner.Adb:ce0517150d4a122003: "getprop ro.build.version.sdk" returned: 
28

2022-10-27 22:10:05,736:DEBUG:PluginHandler:Batterystats: samsung (ce0517150d4a122003, Android 9, API level 28): Collecting data
2022-10-27 22:10:05,779:DEBUG:AndroidRunner.Adb:ce0517150d4a122003: "getprop ro.build.version.sdk" returned: 
28

2022-10-27 22:10:06,566:DEBUG:AndroidRunner.Adb:ce0517150d4a122003: "logcat -f /mnt/sdcard/logcat.txt -d" returned: 

2022-10-27 22:10:06,816:DEBUG:AndroidRunner.Adb:ce0517150d4a122003: "rm -f /mnt/sdcard/logcat.txt" returned: 

2022-10-27 22:10:06,932:DEBUG:AndroidRunner.Adb:ce0517150d4a122003: "dumpsys batterystats --history" returned: 
Battery History (0% used, 612 used of 512KB, 29 strings using 3470):
                    0 (14) RESET:TIME: 2022-10-27-22-08-14
                    0 (1) 100 status=full health=good plug=none temp=310 volt=4267 current=0 ap_temp=38 pst_temp=36 bat_temp=31 chg_temp=35 pa_temp=33 -tx_share misc_event=65536 online=19 current_event=0 charge=2967 +running +wake_lock +wifi_multicast +wifi_radio +screen phone_state=emergency phone_signal_strength=good +power_save +wifi_running +wifi +usb_data wifi_signal_strength=3 wifi_suppl=completed +ble_scan
                    0 (2) 100 fg=u0a194:"com.sec.android.app.shealth"
                    0 (2) 100 top=u0a113:"com.facebook.katana"
                    0 (2) 100 job=u0a47:"com.android.vending/com.google.android.finsky.scheduler.process.mainimpl.PhoneskyJobServiceMain"
                    0 (2) 100 user=0:"0"
                    0 (2) 100 user=150:"150"
                    0 (2) 100 userfg=0:"0"
                    0 (2) 100 tmpwhitelist=u0a376:"sync by top app"
                 +2ms (2) 100 stats=0:"wakelock-change"
                +38ms (2) 100 stats=0:"dump"
             +5s555ms (2) 100 +job=u0a113:"com.facebook.katana/androidx.work.impl.background.systemjob.SystemJobService"
             +7s581ms (2) 100 +job=u0a113:"com.facebook.katana/com.facebook.conditionalworker.ConditionalWorkerService"
             +7s740ms (2) 100 -job=u0a113:"com.facebook.katana/com.facebook.conditionalworker.ConditionalWorkerService"
             +7s946ms (2) 100 -job=u0a113:"com.facebook.katana/androidx.work.impl.background.systemjob.SystemJobService"
             +8s089ms (3) 100 current=0 ap_temp=40 pst_temp=36 bat_temp=31 chg_temp=36 pa_temp=34
            +17s805ms (2) 100 +longwake=u0a47:"*job*/com.android.vending/com.google.android.finsky.scheduler.process.mainimpl.PhoneskyJobServiceMain"
            +18s161ms (4) 100 current=0 ap_temp=39 pst_temp=37 bat_temp=31 chg_temp=36 pa_temp=34 -job=u0a47:"com.android.vending/com.google.android.finsky.scheduler.process.mainimpl.PhoneskyJobServiceMain"
            +18s563ms (2) 100 -longwake=u0a47:"*job*/com.android.vending/com.google.android.finsky.scheduler.process.mainimpl.PhoneskyJobServiceMain"
            +18s594ms (2) 100 +job=u0a47:"com.android.vending/com.google.android.finsky.scheduler.process.mainimpl.PhoneskyJobServiceMain"
            +19s848ms (2) 100 -job=u0a47:"com.android.vending/com.google.android.finsky.scheduler.process.mainimpl.PhoneskyJobServiceMain"
            +19s862ms (2) 100 +job=u0a47:"com.android.vending/com.google.android.finsky.instantapps.statussync.EnabledStatusSyncService"
            +20s689ms (2) 100 -job=u0a47:"com.android.vending/com.google.android.finsky.instantapps.statussync.EnabledStatusSyncService"
            +20s715ms (2) 100 +job=u0a47:"com.android.vending/com.google.android.finsky.instantapps.dna.ArchivePrefetchService"
            +28s287ms (3) 100 current=0 ap_temp=38 pst_temp=37 bat_temp=31 chg_temp=36 pa_temp=34
            +38s700ms (2) 100 -job=u0a47:"com.android.vending/com.google.android.finsky.instantapps.dna.ArchivePrefetchService"
            +38s717ms (2) 100 +job=u0a47:"com.android.vending/com.google.android.finsky.instantapps.hint.AppPreloadHygieneService"
            +39s363ms (2) 100 -job=u0a47:"com.android.vending/com.google.android.finsky.instantapps.hint.AppPreloadHygieneService"
            +39s385ms (2) 100 +job=u0a47:"com.android.vending/com.google.android.finsky.instantapps.InstantAppsSharedPreferencesService"
            +48s472ms (3) 100 current=0 ap_temp=39 pst_temp=37 bat_temp=31 chg_temp=36 pa_temp=34
            +53s297ms (2) 100 +longwake=u150a26:"*gms_scheduler*/com.google.android.gms/.common.stats.AvailabilityFilesCleanupTask"
            +53s297ms (2) 100 +longwake=u0a26:"*gms_scheduler*/com.google.android.gms/.common.stats.AvailabilityFilesCleanupTask"
            +53s403ms (2) 100 +longwake=u150a26:"*gms_scheduler*/com.google.android.gms/.libs.gmscorelogger.GmsCoreLoggerFilesCleanupTask"
            +53s403ms (2) 100 +longwake=u0a26:"*gms_scheduler*/com.google.android.gms/.libs.gmscorelogger.GmsCoreLoggerFilesCleanupTask"
            +57s380ms (2) 100 -job=u0a47:"com.android.vending/com.google.android.finsky.instantapps.InstantAppsSharedPreferencesService"
            +57s390ms (2) 100 +job=u0a116:"com.facebook.appmanager/com.facebook.oxygen.common.jobqueue.JobQueueService"
            +58s544ms (3) 100 current=0 ap_temp=38 pst_temp=38 bat_temp=31 chg_temp=36 pa_temp=34
          +1m02s766ms (2) 100 -wifi_radio +longwake=1000:"*alarm*:com.sec.android.alarm.refresh.battery_stats"
          +1m02s938ms (2) 100 stats=0:"wifi-data: inactive"
          +1m04s617ms (2) 100 -job=u0a116:"com.facebook.appmanager/com.facebook.oxygen.common.jobqueue.JobQueueService"
          +1m04s635ms (2) 100 +wifi_radio +job=u0a116:"com.facebook.appmanager/com.facebook.oxygen.appmanager.update.core.UpdateService"
          +1m05s410ms (2) 100 stats=0:"wifi-data: active"
          +1m07s597ms (2) 100 -job=u0a116:"com.facebook.appmanager/com.facebook.oxygen.appmanager.update.core.UpdateService"
          +1m07s614ms (2) 100 +job=u0a47:"com.android.vending/com.google.android.finsky.scheduler.process.mainimpl.PhoneskyJobServiceMain"
          +1m08s615ms (4) 100 current=0 ap_temp=36 pst_temp=38 bat_temp=31 chg_temp=35 pa_temp=33 -job=u0a47:"com.android.vending/com.google.android.finsky.scheduler.process.mainimpl.PhoneskyJobServiceMain"
          +1m09s646ms (2) 100 +job=u0a47:"com.android.vending/com.google.android.finsky.instantapps.PhenotypeUpdateService"
          +1m10s633ms (2) 100 -job=u0a47:"com.android.vending/com.google.android.finsky.instantapps.PhenotypeUpdateService"
          +1m10s650ms (2) 100 +job=u0a116:"com.facebook.appmanager/com.facebook.oxygen.common.jobqueue.JobQueueService"
          +1m12s556ms (2) 100 pkgactive=u150a26:"com.google.android.gsf"
          +1m17s173ms (2) 100 stats=0:"get-stats"
          +1m17s451ms (2) 100 -longwake=1000:"*alarm*:com.sec.android.alarm.refresh.battery_stats"
          +1m18s696ms (3) 100 current=0 ap_temp=36 pst_temp=37 bat_temp=31 chg_temp=34 pa_temp=33
          +1m25s341ms (2) 100 -job=u0a116:"com.facebook.appmanager/com.facebook.oxygen.common.jobqueue.JobQueueService"
          +1m25s364ms (2) 100 +job=u0a116:"com.facebook.appmanager/com.facebook.oxygen.appmanager.update.core.UpdateService"
          +1m25s421ms (2) 100 -job=u0a116:"com.facebook.appmanager/com.facebook.oxygen.appmanager.update.core.UpdateService"
          +1m38s840ms (3) 100 current=0 ap_temp=35 pst_temp=37 bat_temp=31 chg_temp=34 pa_temp=33
          +1m48s940ms (3) 100 current=0 ap_temp=35 pst_temp=37 bat_temp=31 chg_temp=34 pa_temp=32
          +1m51s429ms (2) 100 -top=u0a113:"com.facebook.katana"
          +1m51s429ms (2) 100 +top=u0a377:"com.tumblr"
          +1m51s505ms (2) 100 -tmpwhitelist=u0a376:"sync by top app"
          +1m51s621ms (2) 100 +job=u0a377:"com.tumblr/.fcm.FCMTokenRegistrarJobService"
          +1m52s601ms (3) 100 +audio -job=u0a377:"com.tumblr/.fcm.FCMTokenRegistrarJobService"
          +1m53s277ms (2) 100 -audio
          +1m53s638ms (2) 100 +audio
          +1m56s746ms (2) 100 stats=0:"dump"

Total cpu time reads: 1
Batched cpu time reads: 0
Batching Duration (min): 1112
All UID cpu time reads since the later of device start or stats reset: 16
UIDs removed since the later of device start or stats reset: 0
KernelUidCpuTimeReader Exception :



2022-10-27 22:10:07,162:DEBUG:AndroidRunner.Adb:ce0517150d4a122003: "dumpsys batterystats | grep "Computed drain:"" returned: 
    Capacity: 3000, Typical: 0, Computed drain: 15.3, actual drain: 0

2022-10-27 22:10:07,462:DEBUG:AndroidRunner.Adb:ce0517150d4a122003: "dumpsys batterystats | grep "volt="" returned: 
                    0 (1) 100 status=full health=good plug=none temp=310 volt=4267 current=0 ap_temp=38 pst_temp=36 bat_temp=31 chg_temp=35 pa_temp=33 -tx_share misc_event=65536 online=19 current_event=0 charge=2967 +running +wake_lock +wifi_multicast +wifi_radio +screen phone_state=emergency phone_signal_strength=good +power_save +wifi_running +wifi +usb_data wifi_signal_strength=3 wifi_suppl=completed +ble_scan

2022-10-27 22:10:07,889:DEBUG:AndroidRunner.Adb:ce0517150d4a122003: "cat /proc/cpuinfo | grep processor | wc -l" returned: 
8

2022-10-27 22:10:07,970:DEBUG:AndroidRunner.Adb:ce0517150d4a122003: "getprop ro.build.version.sdk" returned: 
28

2022-10-27 22:10:08,147:ERROR:NativeExperiment:IndexError: list index out of range
2022-10-27 22:10:08,307:DEBUG:AndroidRunner.Adb:ce0517150d4a122003: "dumpsys battery reset" returned: 

2022-10-27 22:10:08,308:INFO:Profilers:Stop profiling
2022-10-27 22:10:08,436:DEBUG:AndroidRunner.Adb:ce0517150d4a122003: "getprop ro.build.version.release" returned: 
9

2022-10-27 22:10:08,573:DEBUG:AndroidRunner.Adb:ce0517150d4a122003: "getprop ro.build.version.sdk" returned: 
28

2022-10-27 22:10:08,573:DEBUG:PluginHandler:Batterystats: samsung (ce0517150d4a122003, Android 9, API level 28): Stop profiling
2022-10-27 22:10:11,006:INFO:Profilers:Unloading
2022-10-27 22:10:11,175:DEBUG:AndroidRunner.Adb:ce0517150d4a122003: "getprop ro.build.version.release" returned: 
9

2022-10-27 22:10:11,354:DEBUG:AndroidRunner.Adb:ce0517150d4a122003: "getprop ro.build.version.sdk" returned: 
28

2022-10-27 22:10:11,355:DEBUG:PluginHandler:Batterystats: samsung (ce0517150d4a122003, Android 9, API level 28): Cleanup
2022-10-27 22:10:11,738:DEBUG:AndroidRunner.Adb:ce0517150d4a122003: "pm list packages" returned: 
package:com.mobeam.barcodeService
package:com.samsung.android.provider.filterprovider
package:com.monotype.android.font.rosemary
package:com.sec.android.app.DataCreate
package:com.samsung.android.app.ledcoverdream
package:com.android.cts.priv.ctsshim
package:com.samsung.android.gearoplugin
package:com.gd.mobicore.pa
package:com.sec.android.widgetapp.samsungapps
package:com.samsung.android.smartswitchassistant
package:com.sec.vsim.ericssonnsds.webapp
package:com.sec.android.app.setupwizardlegalprovider
package:com.google.android.youtube
package:com.samsung.android.app.galaxyfinder
package:com.sec.location.nsflp2
package:com.samsung.android.themestore
package:com.sec.android.app.chromecustomizations
package:com.samsung.android.app.aodservice
package:com.samsung.android.app.cocktailbarservice
package:com.android.internal.display.cutout.emulation.corner
package:com.google.android.ext.services
package:com.sec.android.app.suwscriptplayer
package:com.android.internal.display.cutout.emulation.double
package:com.android.providers.telephony
package:com.sec.android.app.parser
package:com.samsung.svoice.sync
package:com.google.android.googlequicksearchbox
package:com.samsung.android.calendar
package:com.samsung.android.timezone.updater
package:com.android.providers.calendar
package:com.utorrent.client
package:com.osp.app.signin
package:com.samsung.clipboardsaveservice
package:com.sec.automation
package:com.android.providers.media
package:com.samsung.android.app.social
package:com.google.android.onetimeinitializer
package:com.expressvpn.vpn
package:com.sec.android.mimage.gear360editor
package:com.google.android.ext.shared
package:com.samsung.android.spdclient
package:com.android.wallpapercropper
package:com.teslacoilsw.launcher
package:com.samsung.android.wallpaper.res
package:com.samsung.android.smartmirroring
package:com.skms.android.agent
package:com.sec.android.desktopcommunity
package:com.sec.android.app.safetyassurance
package:com.samsung.gpudriver.S8MaliG71_90
package:com.samsung.android.incallui
package:com.samsung.android.knox.containercore
package:com.samsung.android.kidsinstaller
package:com.sec.factory.camera
package:com.sec.vsimservice
package:com.sec.usbsettings
package:com.samsung.accessory.beansmgr
package:com.samsung.android.easysetup
package:com.android.documentsui
package:com.android.externalstorage
package:com.sec.android.easyonehand
package:com.sec.factory
package:com.samsung.android.provider.stickerprovider
package:com.android.htmlviewer
package:com.samsung.android.app.sbrowseredge
package:com.android.companiondevicemanager
package:com.android.mms.service
package:com.samsung.android.rubin.app
package:com.sec.android.wallpapercropper2
package:com.android.providers.downloads
package:com.diotek.sec.lookup.dictionary
package:com.sec.android.cover.ledcover
package:com.sec.android.easyMover.Agent
package:com.samsung.ucs.agent.boot
package:com.samsung.accessory.safiletransfer
package:com.wsomacp
package:com.samsung.faceservice
package:com.sec.android.app.voicenote
package:com.monotype.android.font.foundation
package:com.sec.android.widgetapp.easymodecontactswidget
package:com.samsung.android.email.provider
package:com.samsung.android.MtpApplication
package:com.sec.android.app.factorykeystring
package:com.sec.android.app.samsungapps
package:com.sec.android.emergencymode.service
package:com.tplink.tether
package:com.google.android.configupdater
package:com.sec.android.app.wlantest
package:com.microsoft.office.excel
package:com.samsung.android.app.camera.sticker.facear.preload
package:com.samsung.android.app.settings.bixby
package:com.sec.android.app.billing
package:com.samsung.android.app.selfmotionpanoramaviewer
package:com.sec.epdgtestapp
package:com.samsung.android.timezone.data_P
package:com.samsung.android.game.gamehome
package:com.sec.android.app.desktoplauncher
package:com.android.defcontainer
package:com.samsung.android.widgetapp.yahooedge.finance
package:com.sec.android.daemonapp
package:com.samsung.daydream.customization
package:com.google.ar.core
package:com.sec.ims
package:com.sec.sve
package:com.sec.enterprise.knox.attestation
package:com.android.providers.downloads.ui
package:com.android.vending
package:com.android.pacprocessor
package:com.android.simappdialog
package:com.samsung.systemui.bixby2
package:com.dsi.ant.service.socket
package:com.sec.android.AutoPreconfig
package:com.microsoft.skydrive
package:com.samsung.android.SettingsReceiver
package:com.android.internal.display.cutout.emulation.tall
package:com.sec.android.app.soundalive
package:com.sec.android.providers.security
package:com.sec.android.provider.badge
package:com.android.certinstaller
package:de.axelspringer.yana.zeropage
package:com.samsung.android.securitylogagent
package:com.android.carrierconfig
package:com.samsung.android.app.watchmanager
package:com.samsung.android.knox.containeragent
package:com.reddit.frontpage
package:com.samsung.android.app.assistantmenu
package:com.candl.chronos
package:com.samsung.SMT
package:com.samsung.cmh
package:com.samsung.mlp
package:com.samsung.rcs
package:com.sec.android.ofviewer
package:com.sec.factory.iris.usercamera
package:com.samsung.android.drivelink.stub
package:android
package:com.android.hotwordenrollment.xgoogle
package:com.samsung.android.sm.devicesecurity
package:com.dsi.ant.sample.acquirechannels
package:com.samsung.android.net.wifi.wifiguider
package:com.samsung.android.bixby.service
package:com.samsung.android.smartface
package:com.android.egg
package:com.android.mtp
package:com.android.nfc
package:com.android.stk
package:com.samsung.android.messaging
package:com.samsung.android.emojiupdater
package:com.android.backupconfirm
package:com.samsung.android.widgetapp.yahooedge.sport
package:com.samsung.klmsagent
package:com.instagram.android
package:com.samsung.android.smartfitting
package:com.sec.android.app.SecSetupWizard
package:com.pinterest
package:com.samsung.android.app.telephonyui
package:com.samsung.android.samsungpositioning
package:com.android.statementservice
package:com.google.android.gm
package:com.samsung.android.bixby.agent
package:com.google.android.apps.tachyon
package:com.sec.android.app.hwmoduletest
package:com.android.settings.intelligence
package:com.sec.bcservice
package:org.chromium.webapk.a69ab1c52e5d4ce5d
package:com.sec.modem.settings
package:com.samsung.android.server.iris
package:com.android.systemui.theme.dark
package:com.samsung.android.providers.context
package:com.sec.android.app.servicemodeapp
package:com.sec.android.preloadinstaller
package:com.sec.android.uibcvirtualsoftkey
package:com.google.android.setupwizard
package:com.sec.android.gallery3d
package:com.android.providers.settings
package:com.samsung.accessibility
package:com.sec.imsservice
package:com.android.sharedstoragebackup
package:com.facebook.services
package:com.google.android.music
package:com.samsung.android.mobileservice
package:com.android.printspooler
package:com.android.hotwordenrollment.okgoogle
package:com.samsung.android.hmt.vrsvc
package:com.samsung.android.bixby.es.globalaction
package:com.samsung.storyservice
package:com.android.dreams.basic
package:com.sec.android.app.music
package:com.android.se
package:com.android.inputdevices
package:com.samsung.android.kgclient
package:com.samsung.knox.securefolder
package:com.samsung.android.app.talkback
package:com.android.bips
package:com.android.stk2
package:com.samsung.android.game.gametools
package:com.samsung.desktopsystemui
package:com.samsung.android.app.simplesharing
package:com.samsung.android.service.peoplestripe
package:com.samsung.android.da.daagent
package:com.sec.android.watchweb
package:com.samsung.android.brightnessbackupservice
package:com.samsung.android.app.reminder
package:com.twitter.android
package:com.samsung.app.slowmotion
package:com.samsung.android.timezone.autoupdate_O
package:com.samsung.android.smartcallprovider
package:com.samsung.android.app.smartcapture
package:com.sec.android.desktopmode.uiservice
package:com.google.android.apps.docs
package:com.google.android.apps.maps
package:com.dsi.ant.plugins.antplus
package:com.samsung.android.app.taskedge
package:com.microsoft.office.word
package:com.samsung.advp.imssettings
package:com.samsung.android.location
package:com.sec.android.inputmethod
package:com.samsung.android.app.advsounddetector
package:com.teslacoilsw.launcher.prime
package:com.sec.android.app.clockpackage
package:com.sec.android.RilServiceModeApp
package:com.google.android.webview
package:com.samsung.android.mdecservice
package:com.sec.android.app.simsettingmgr
package:com.microsoft.office.powerpoint
package:com.android.server.telecom
package:com.google.android.syncadapters.contacts
package:com.samsung.crane
package:com.sec.imslogger
package:com.samsung.android.clipboarduiservice
package:com.android.keychain
package:com.android.chrome
package:com.samsung.android.ipsgeofence
package:com.samsung.android.themecenter
package:com.google.android.packageinstaller
package:com.google.android.gms
package:com.google.android.gsf
package:com.google.android.tts
package:android.autoinstalls.config.samsung
package:com.android.calllogbackup
package:com.google.android.partnersetup
package:com.samsung.android.spdfnote
package:com.sec.android.diagmonagent
package:com.samsung.android.knox.containerdesktop
package:com.google.android.videos
package:com.mindesigns.zwskin.min
package:com.sec.spp.push
package:com.android.carrierdefaultapp
package:com.dsi.ant.server
package:com.sec.android.app.myfiles
package:com.android.proxyhandler
package:com.samsung.android.allshare.service.fileshare
package:com.sec.android.mimage.photoretouching
package:com.sec.android.app.launcher
package:com.samsung.android.universalswitch
package:com.zhiliaoapp.musically
package:com.sec.android.app.apex
package:com.flickr.android
package:com.google.android.feedback
package:com.google.android.printservice.recommendation
package:com.google.android.apps.photos
package:com.google.android.calendar
package:com.google.android.syncadapters.calendar
package:com.android.managedprovisioning
package:com.samsung.android.setting.multisound
package:com.samsung.visionprovider
package:com.samsung.android.authfw
package:com.sec.android.app.sbrowser
package:com.monotype.android.font.chococooky
package:com.android.dreams.phototable
package:com.sec.android.service.health
package:com.samsung.safetyinformation
package:com.samsung.android.dialer
package:com.facebook.katana
package:com.samsung.android.dqagent
package:com.samsung.app.highlightplayer
package:com.sec.android.app.ringtoneBR
package:com.samsung.android.game.gos
package:com.sec.android.app.vepreload
package:com.android.providers.partnerbookmarks
package:com.sem.factoryapp
package:com.samsung.android.keyguardwallpaperupdator
package:com.trustonic.teeservice
package:com.android.wallpaper.livepicker
package:com.samsung.android.beaconmanager
package:com.sec.enterprise.mdm.services.simpin
package:com.android.apps.tag
package:com.samsung.android.stickercenter
package:com.facebook.system
package:com.samsung.android.oneconnect
package:com.sec.android.app.popupcalculator
package:com.sec.android.soagent
package:com.google.android.gms.policy_sidecar_aps
package:com.sec.android.app.quicktool
package:com.samsung.android.fmm
package:com.samsung.android.mdm
package:com.samsung.android.rlc
package:com.samsung.android.voc
package:com.sec.android.app.shealth
package:com.sec.unifiedwfc
package:com.sec.phone
package:com.samsung.android.bixby.wakeup
package:com.samsung.accessory
package:com.google.android.backuptransport
package:com.samsung.android.app.interactivepanoramaviewer
package:com.samsung.android.samsungpass
package:com.samsung.android.bixby.plmsync
package:com.android.storagemanager
package:com.samsung.android.scloud
package:com.samsung.android.app.soundpicker
package:com.sec.app.RilErrorNotifier
package:com.samsung.android.spayfw
package:com.samsung.android.ststub
package:com.android.bookmarkprovider
package:com.linkedin.android
package:com.android.settings
package:com.samsung.app.newtrim
package:fm.anchor.android
package:com.samsung.android.dsms
package:com.samsung.android.lool
package:com.samsung.android.app.notes
package:com.sec.android.app.bluetoothtest
package:com.sec.android.sdhms
package:com.samsung.android.app.spage
package:com.incorporateapps.fakegps.fre
package:com.samsung.android.knox.analytics.uploader
package:com.samsung.android.sm.policy
package:com.sec.android.emergencylauncher
package:com.tumblr
package:com.sec.hearingadjust
package:com.sec.android.easyMover
package:com.google.android.apps.turbo
package:com.fastemulator.gbafree
package:com.samsung.android.bluelightfilter
package:com.samsung.android.bbc.bbcagent
package:com.samsung.android.visionintelligence
package:com.knox.vpn.proxyhandler
package:com.android.cts.ctsshim
package:com.sec.android.splitsound
package:com.samsung.android.app.watchmanagerstub
package:com.samsung.android.svcagent
package:com.samsung.android.mateagent
package:com.samsung.android.networkdiagnostic
package:com.enhance.gameservice
package:com.samsung.android.shortcutbackupservice
package:com.android.vpndialogs
package:com.samsung.ucs.agent.ese
package:com.android.phone
package:com.google.vr.vrcore
package:com.android.shell
package:com.android.wallpaperbackup
package:com.android.providers.blockednumber
package:com.samsung.android.app.omcagent
package:com.hiya.star
package:com.android.providers.userdictionary
package:com.sec.enterprise.knox.cloudmdm.smdms
package:com.samsung.android.app.camera.sticker.stamp.preload
package:com.android.emergency
package:com.wssyncmldm
package:com.samsung.ims.smk
package:com.android.location.fused
package:com.samsung.android.app.appsedge
package:com.samsung.android.samsungpassautofill
package:com.sec.epdg
package:com.android.systemui
package:com.sec.android.app.personalization
package:com.monotype.android.font.cooljazz
package:com.android.bluetoothmidiservice
package:com.samsung.android.sdk.handwriting
package:com.facebook.appmanager
package:com.samsung.aasaservice
package:com.samsung.systemui.hidenotch
package:com.android.traceur
package:com.samsung.android.allshare.service.mediashare
package:com.sec.android.provider.emergencymode
package:com.google.android.play.games
package:com.sec.android.app.applinker
package:com.sec.android.app.camera
package:com.android.bluetooth
package:com.samsung.android.contacts
package:com.samsung.android.app.clipboardedge
package:com.android.providers.contacts
package:com.samsung.ipservice
package:com.sec.android.app.magnifier
package:com.sec.android.widgetapp.webmanual
package:com.samsung.sec.android.application.csc
package:com.android.captiveportallogin
package:com.samsung.android.app.motionpanoramaviewer
package:com.samsung.android.bio.face.service
package:com.samsung.android.bixby.agent.dummy
package:com.samsung.android.video
package:com.google.android.apps.restore

2022-10-27 22:10:11,739:ERROR:root:IndexError: list index out of range
2022-10-27 22:10:11,739:ERROR:root:An error occurred, the experiment has been stopped. To continue, add progress file argument to experiment startup: --progress /Users/quinn/Desktop/android-runner/experiments/batterystats/config/native/output/2022.10.27_220806/progress.xml
